{"/Users/lucas/Documents/Proyectos/marTech-backend/src/controllers/AuthController.ts": {"path":"/Users/lucas/Documents/Proyectos/marTech-backend/src/controllers/AuthController.ts","statementMap":{"0":{"start":{"line":2,"column":0},"end":{"line":2,"column":60}},"1":{"start":{"line":6,"column":35},"end":{"line":6,"column":43}},"2":{"start":{"line":8,"column":4},"end":{"line":13,"column":5}},"3":{"start":{"line":9,"column":20},"end":{"line":9,"column":97}},"4":{"start":{"line":10,"column":6},"end":{"line":10,"column":33}},"5":{"start":{"line":12,"column":6},"end":{"line":12,"column":70}},"6":{"start":{"line":4,"column":0},"end":{"line":4,"column":13}},"7":{"start":{"line":17,"column":13},"end":{"line":17,"column":51}}},"fnMap":{"0":{"name":"(anonymous_0)","decl":{"start":{"line":5,"column":9},"end":{"line":5,"column":14}},"loc":{"start":{"line":5,"column":48},"end":{"line":14,"column":3}}}},"branchMap":{"0":{"loc":{"start":{"line":8,"column":4},"end":{"line":13,"column":5}},"type":"if","locations":[{"start":{"line":8,"column":4},"end":{"line":13,"column":5}},{"start":{"line":11,"column":11},"end":{"line":13,"column":5}}]},"1":{"loc":{"start":{"line":8,"column":8},"end":{"line":8,"column":84}},"type":"binary-expr","locations":[{"start":{"line":8,"column":8},"end":{"line":8,"column":42}},{"start":{"line":8,"column":46},"end":{"line":8,"column":84}}]}},"s":{"0":1,"1":2,"2":2,"3":1,"4":1,"5":1,"6":1,"7":1},"f":{"0":2},"b":{"0":[1,1],"1":[2,1]}}
,"/Users/lucas/Documents/Proyectos/marTech-backend/src/controllers/CampaignController.ts": {"path":"/Users/lucas/Documents/Proyectos/marTech-backend/src/controllers/CampaignController.ts","statementMap":{"0":{"start":{"line":3,"column":0},"end":{"line":3,"column":46}},"1":{"start":{"line":4,"column":0},"end":{"line":4,"column":49}},"2":{"start":{"line":5,"column":0},"end":{"line":5,"column":43}},"3":{"start":{"line":6,"column":0},"end":{"line":6,"column":49}},"4":{"start":{"line":9,"column":22},"end":{"line":9,"column":60}},"5":{"start":{"line":12,"column":16},"end":{"line":12,"column":51}},"6":{"start":{"line":13,"column":19},"end":{"line":13,"column":38}},"7":{"start":{"line":15,"column":4},"end":{"line":17,"column":5}},"8":{"start":{"line":16,"column":6},"end":{"line":16,"column":46}},"9":{"start":{"line":19,"column":21},"end":{"line":19,"column":83}},"10":{"start":{"line":20,"column":4},"end":{"line":26,"column":5}},"11":{"start":{"line":21,"column":26},"end":{"line":21,"column":80}},"12":{"start":{"line":23,"column":6},"end":{"line":23,"column":40}},"13":{"start":{"line":25,"column":6},"end":{"line":25,"column":67}},"14":{"start":{"line":30,"column":4},"end":{"line":35,"column":5}},"15":{"start":{"line":31,"column":24},"end":{"line":31,"column":71}},"16":{"start":{"line":32,"column":6},"end":{"line":32,"column":38}},"17":{"start":{"line":34,"column":6},"end":{"line":34,"column":70}},"18":{"start":{"line":39,"column":19},"end":{"line":39,"column":29}},"19":{"start":{"line":41,"column":4},"end":{"line":50,"column":5}},"20":{"start":{"line":42,"column":23},"end":{"line":42,"column":80}},"21":{"start":{"line":43,"column":6},"end":{"line":47,"column":7}},"22":{"start":{"line":44,"column":8},"end":{"line":44,"column":39}},"23":{"start":{"line":46,"column":8},"end":{"line":46,"column":64}},"24":{"start":{"line":49,"column":6},"end":{"line":49,"column":69}},"25":{"start":{"line":54,"column":19},"end":{"line":54,"column":29}},"26":{"start":{"line":55,"column":16},"end":{"line":55,"column":51}},"27":{"start":{"line":56,"column":19},"end":{"line":56,"column":38}},"28":{"start":{"line":58,"column":4},"end":{"line":60,"column":5}},"29":{"start":{"line":59,"column":6},"end":{"line":59,"column":46}},"30":{"start":{"line":62,"column":28},"end":{"line":62,"column":36}},"31":{"start":{"line":64,"column":4},"end":{"line":73,"column":5}},"32":{"start":{"line":65,"column":23},"end":{"line":65,"column":96}},"33":{"start":{"line":66,"column":6},"end":{"line":70,"column":7}},"34":{"start":{"line":67,"column":8},"end":{"line":67,"column":75}},"35":{"start":{"line":69,"column":8},"end":{"line":69,"column":64}},"36":{"start":{"line":72,"column":6},"end":{"line":72,"column":67}},"37":{"start":{"line":77,"column":19},"end":{"line":77,"column":29}},"38":{"start":{"line":79,"column":4},"end":{"line":89,"column":5}},"39":{"start":{"line":80,"column":22},"end":{"line":80,"column":78}},"40":{"start":{"line":82,"column":6},"end":{"line":86,"column":7}},"41":{"start":{"line":83,"column":8},"end":{"line":83,"column":75}},"42":{"start":{"line":85,"column":8},"end":{"line":85,"column":64}},"43":{"start":{"line":88,"column":6},"end":{"line":88,"column":67}},"44":{"start":{"line":8,"column":0},"end":{"line":8,"column":13}}},"fnMap":{"0":{"name":"(anonymous_0)","decl":{"start":{"line":9,"column":2},"end":{"line":9,"column":22}},"loc":{"start":{"line":9,"column":60},"end":{"line":9,"column":64}}},"1":{"name":"(anonymous_1)","decl":{"start":{"line":11,"column":2},"end":{"line":11,"column":7}},"loc":{"start":{"line":11,"column":50},"end":{"line":27,"column":3}}},"2":{"name":"(anonymous_2)","decl":{"start":{"line":29,"column":2},"end":{"line":29,"column":7}},"loc":{"start":{"line":29,"column":51},"end":{"line":36,"column":3}}},"3":{"name":"(anonymous_3)","decl":{"start":{"line":38,"column":2},"end":{"line":38,"column":7}},"loc":{"start":{"line":38,"column":51},"end":{"line":51,"column":3}}},"4":{"name":"(anonymous_4)","decl":{"start":{"line":53,"column":2},"end":{"line":53,"column":7}},"loc":{"start":{"line":53,"column":50},"end":{"line":74,"column":3}}},"5":{"name":"(anonymous_5)","decl":{"start":{"line":76,"column":2},"end":{"line":76,"column":7}},"loc":{"start":{"line":76,"column":50},"end":{"line":90,"column":3}}}},"branchMap":{"0":{"loc":{"start":{"line":15,"column":4},"end":{"line":17,"column":5}},"type":"if","locations":[{"start":{"line":15,"column":4},"end":{"line":17,"column":5}}]},"1":{"loc":{"start":{"line":43,"column":6},"end":{"line":47,"column":7}},"type":"if","locations":[{"start":{"line":43,"column":6},"end":{"line":47,"column":7}},{"start":{"line":45,"column":13},"end":{"line":47,"column":7}}]},"2":{"loc":{"start":{"line":58,"column":4},"end":{"line":60,"column":5}},"type":"if","locations":[{"start":{"line":58,"column":4},"end":{"line":60,"column":5}}]},"3":{"loc":{"start":{"line":66,"column":6},"end":{"line":70,"column":7}},"type":"if","locations":[{"start":{"line":66,"column":6},"end":{"line":70,"column":7}},{"start":{"line":68,"column":13},"end":{"line":70,"column":7}}]},"4":{"loc":{"start":{"line":82,"column":6},"end":{"line":86,"column":7}},"type":"if","locations":[{"start":{"line":82,"column":6},"end":{"line":86,"column":7}},{"start":{"line":84,"column":13},"end":{"line":86,"column":7}}]}},"s":{"0":1,"1":1,"2":1,"3":1,"4":9,"5":2,"6":2,"7":2,"8":1,"9":1,"10":1,"11":1,"12":1,"13":0,"14":1,"15":1,"16":1,"17":0,"18":2,"19":2,"20":2,"21":2,"22":1,"23":1,"24":0,"25":2,"26":2,"27":2,"28":2,"29":0,"30":2,"31":2,"32":2,"33":2,"34":1,"35":1,"36":0,"37":2,"38":2,"39":2,"40":2,"41":1,"42":1,"43":0,"44":1},"f":{"0":9,"1":2,"2":1,"3":2,"4":2,"5":2},"b":{"0":[1],"1":[1,1],"2":[0],"3":[1,1],"4":[1,1]}}
,"/Users/lucas/Documents/Proyectos/marTech-backend/src/controllers/InteractionController.ts": {"path":"/Users/lucas/Documents/Proyectos/marTech-backend/src/controllers/InteractionController.ts","statementMap":{"0":{"start":{"line":2,"column":0},"end":{"line":2,"column":49}},"1":{"start":{"line":3,"column":0},"end":{"line":3,"column":43}},"2":{"start":{"line":4,"column":0},"end":{"line":4,"column":52}},"3":{"start":{"line":5,"column":0},"end":{"line":5,"column":55}},"4":{"start":{"line":6,"column":0},"end":{"line":6,"column":53}},"5":{"start":{"line":10,"column":22},"end":{"line":10,"column":66}},"6":{"start":{"line":13,"column":16},"end":{"line":13,"column":54}},"7":{"start":{"line":14,"column":19},"end":{"line":14,"column":38}},"8":{"start":{"line":16,"column":4},"end":{"line":18,"column":5}},"9":{"start":{"line":17,"column":6},"end":{"line":17,"column":42}},"10":{"start":{"line":20,"column":24},"end":{"line":20,"column":103}},"11":{"start":{"line":21,"column":4},"end":{"line":37,"column":5}},"12":{"start":{"line":22,"column":33},"end":{"line":22,"column":96}},"13":{"start":{"line":24,"column":26},"end":{"line":29,"column":8}},"14":{"start":{"line":31,"column":6},"end":{"line":31,"column":44}},"15":{"start":{"line":33,"column":6},"end":{"line":33,"column":47}},"16":{"start":{"line":35,"column":6},"end":{"line":35,"column":57}},"17":{"start":{"line":36,"column":6},"end":{"line":36,"column":70}},"18":{"start":{"line":41,"column":25},"end":{"line":41,"column":78}},"19":{"start":{"line":42,"column":4},"end":{"line":42,"column":27}},"20":{"start":{"line":46,"column":19},"end":{"line":46,"column":29}},"21":{"start":{"line":47,"column":24},"end":{"line":47,"column":87}},"22":{"start":{"line":49,"column":4},"end":{"line":53,"column":5}},"23":{"start":{"line":50,"column":6},"end":{"line":50,"column":28}},"24":{"start":{"line":52,"column":6},"end":{"line":52,"column":65}},"25":{"start":{"line":57,"column":19},"end":{"line":57,"column":29}},"26":{"start":{"line":58,"column":16},"end":{"line":58,"column":54}},"27":{"start":{"line":59,"column":19},"end":{"line":59,"column":38}},"28":{"start":{"line":61,"column":4},"end":{"line":63,"column":5}},"29":{"start":{"line":62,"column":6},"end":{"line":62,"column":42}},"30":{"start":{"line":65,"column":31},"end":{"line":67,"column":6}},"31":{"start":{"line":69,"column":4},"end":{"line":81,"column":5}},"32":{"start":{"line":70,"column":26},"end":{"line":70,"column":108}},"33":{"start":{"line":72,"column":6},"end":{"line":75,"column":7}},"34":{"start":{"line":73,"column":8},"end":{"line":73,"column":67}},"35":{"start":{"line":77,"column":6},"end":{"line":77,"column":28}},"36":{"start":{"line":79,"column":6},"end":{"line":79,"column":57}},"37":{"start":{"line":80,"column":6},"end":{"line":80,"column":70}},"38":{"start":{"line":85,"column":19},"end":{"line":85,"column":29}},"39":{"start":{"line":86,"column":20},"end":{"line":86,"column":82}},"40":{"start":{"line":88,"column":4},"end":{"line":92,"column":5}},"41":{"start":{"line":89,"column":6},"end":{"line":89,"column":61}},"42":{"start":{"line":91,"column":6},"end":{"line":91,"column":65}},"43":{"start":{"line":9,"column":0},"end":{"line":9,"column":13}}},"fnMap":{"0":{"name":"(anonymous_0)","decl":{"start":{"line":10,"column":2},"end":{"line":10,"column":22}},"loc":{"start":{"line":10,"column":66},"end":{"line":10,"column":70}}},"1":{"name":"(anonymous_1)","decl":{"start":{"line":12,"column":2},"end":{"line":12,"column":7}},"loc":{"start":{"line":12,"column":53},"end":{"line":38,"column":3}}},"2":{"name":"(anonymous_2)","decl":{"start":{"line":40,"column":2},"end":{"line":40,"column":7}},"loc":{"start":{"line":40,"column":54},"end":{"line":43,"column":3}}},"3":{"name":"(anonymous_3)","decl":{"start":{"line":45,"column":2},"end":{"line":45,"column":7}},"loc":{"start":{"line":45,"column":54},"end":{"line":54,"column":3}}},"4":{"name":"(anonymous_4)","decl":{"start":{"line":56,"column":2},"end":{"line":56,"column":7}},"loc":{"start":{"line":56,"column":53},"end":{"line":82,"column":3}}},"5":{"name":"(anonymous_5)","decl":{"start":{"line":84,"column":2},"end":{"line":84,"column":7}},"loc":{"start":{"line":84,"column":53},"end":{"line":93,"column":3}}}},"branchMap":{"0":{"loc":{"start":{"line":16,"column":4},"end":{"line":18,"column":5}},"type":"if","locations":[{"start":{"line":16,"column":4},"end":{"line":18,"column":5}}]},"1":{"loc":{"start":{"line":49,"column":4},"end":{"line":53,"column":5}},"type":"if","locations":[{"start":{"line":49,"column":4},"end":{"line":53,"column":5}},{"start":{"line":51,"column":11},"end":{"line":53,"column":5}}]},"2":{"loc":{"start":{"line":61,"column":4},"end":{"line":63,"column":5}},"type":"if","locations":[{"start":{"line":61,"column":4},"end":{"line":63,"column":5}}]},"3":{"loc":{"start":{"line":72,"column":6},"end":{"line":75,"column":7}},"type":"if","locations":[{"start":{"line":72,"column":6},"end":{"line":75,"column":7}}]},"4":{"loc":{"start":{"line":88,"column":4},"end":{"line":92,"column":5}},"type":"if","locations":[{"start":{"line":88,"column":4},"end":{"line":92,"column":5}},{"start":{"line":90,"column":11},"end":{"line":92,"column":5}}]}},"s":{"0":1,"1":1,"2":1,"3":1,"4":1,"5":9,"6":2,"7":2,"8":2,"9":1,"10":1,"11":1,"12":1,"13":1,"14":1,"15":1,"16":0,"17":0,"18":1,"19":1,"20":2,"21":2,"22":2,"23":1,"24":1,"25":2,"26":2,"27":2,"28":2,"29":0,"30":2,"31":2,"32":2,"33":2,"34":1,"35":2,"36":0,"37":0,"38":2,"39":2,"40":2,"41":1,"42":1,"43":1},"f":{"0":9,"1":2,"2":1,"3":2,"4":2,"5":2},"b":{"0":[1],"1":[1,1],"2":[0],"3":[1],"4":[1,1]}}
,"/Users/lucas/Documents/Proyectos/marTech-backend/src/dto/CampaignDTO.ts": {"path":"/Users/lucas/Documents/Proyectos/marTech-backend/src/dto/CampaignDTO.ts","statementMap":{"0":{"start":{"line":1,"column":0},"end":{"line":1,"column":79}},"1":{"start":{"line":3,"column":0},"end":{"line":3,"column":13}},"2":{"start":{"line":6,"column":2},"end":{"line":6,"column":null}},"3":{"start":{"line":10,"column":2},"end":{"line":10,"column":null}},"4":{"start":{"line":14,"column":2},"end":{"line":14,"column":null}},"5":{"start":{"line":18,"column":2},"end":{"line":18,"column":null}}},"fnMap":{},"branchMap":{},"s":{"0":1,"1":1,"2":1,"3":1,"4":1,"5":1},"f":{},"b":{}}
,"/Users/lucas/Documents/Proyectos/marTech-backend/src/dto/InteractionDTO.ts": {"path":"/Users/lucas/Documents/Proyectos/marTech-backend/src/dto/InteractionDTO.ts","statementMap":{"0":{"start":{"line":1,"column":0},"end":{"line":1,"column":88}},"1":{"start":{"line":3,"column":0},"end":{"line":3,"column":13}},"2":{"start":{"line":6,"column":2},"end":{"line":6,"column":null}},"3":{"start":{"line":10,"column":2},"end":{"line":10,"column":null}},"4":{"start":{"line":14,"column":2},"end":{"line":14,"column":null}},"5":{"start":{"line":18,"column":2},"end":{"line":18,"column":null}}},"fnMap":{},"branchMap":{},"s":{"0":1,"1":1,"2":1,"3":1,"4":1,"5":1},"f":{},"b":{}}
,"/Users/lucas/Documents/Proyectos/marTech-backend/src/entity/Campaign.ts": {"path":"/Users/lucas/Documents/Proyectos/marTech-backend/src/entity/Campaign.ts","statementMap":{"0":{"start":{"line":1,"column":0},"end":{"line":1,"column":83}},"1":{"start":{"line":4,"column":7},"end":{"line":29,"column":null}},"2":{"start":{"line":24,"column":4},"end":{"line":24,"column":21}},"3":{"start":{"line":25,"column":4},"end":{"line":25,"column":31}},"4":{"start":{"line":26,"column":4},"end":{"line":26,"column":27}},"5":{"start":{"line":27,"column":4},"end":{"line":27,"column":25}},"6":{"start":{"line":4,"column":13},"end":{"line":4,"column":21}},"7":{"start":{"line":6,"column":2},"end":{"line":6,"column":null}},"8":{"start":{"line":9,"column":2},"end":{"line":9,"column":null}},"9":{"start":{"line":12,"column":2},"end":{"line":12,"column":null}},"10":{"start":{"line":15,"column":2},"end":{"line":15,"column":null}},"11":{"start":{"line":18,"column":2},"end":{"line":18,"column":null}},"12":{"start":{"line":21,"column":2},"end":{"line":21,"column":null}},"13":{"start":{"line":4,"column":13},"end":{"line":29,"column":null}}},"fnMap":{"0":{"name":"(anonymous_2)","decl":{"start":{"line":23,"column":2},"end":{"line":23,"column":14}},"loc":{"start":{"line":23,"column":74},"end":{"line":28,"column":3}}}},"branchMap":{},"s":{"0":2,"1":2,"2":2,"3":2,"4":2,"5":2,"6":2,"7":2,"8":2,"9":2,"10":2,"11":2,"12":2,"13":2},"f":{"0":2},"b":{}}
,"/Users/lucas/Documents/Proyectos/marTech-backend/src/entity/Interaction.ts": {"path":"/Users/lucas/Documents/Proyectos/marTech-backend/src/entity/Interaction.ts","statementMap":{"0":{"start":{"line":1,"column":0},"end":{"line":1,"column":106}},"1":{"start":{"line":2,"column":0},"end":{"line":2,"column":38}},"2":{"start":{"line":5,"column":7},"end":{"line":34,"column":null}},"3":{"start":{"line":29,"column":4},"end":{"line":29,"column":33}},"4":{"start":{"line":30,"column":4},"end":{"line":30,"column":25}},"5":{"start":{"line":31,"column":4},"end":{"line":31,"column":43}},"6":{"start":{"line":32,"column":4},"end":{"line":32,"column":45}},"7":{"start":{"line":5,"column":13},"end":{"line":5,"column":24}},"8":{"start":{"line":7,"column":2},"end":{"line":7,"column":null}},"9":{"start":{"line":10,"column":2},"end":{"line":10,"column":null}},"10":{"start":{"line":13,"column":2},"end":{"line":13,"column":null}},"11":{"start":{"line":16,"column":2},"end":{"line":16,"column":null}},"12":{"start":{"line":19,"column":2},"end":{"line":19,"column":null}},"13":{"start":{"line":18,"column":61},"end":{"line":18,"column":80}},"14":{"start":{"line":22,"column":2},"end":{"line":22,"column":null}},"15":{"start":{"line":26,"column":2},"end":{"line":26,"column":null}},"16":{"start":{"line":24,"column":19},"end":{"line":24,"column":27}},"17":{"start":{"line":5,"column":13},"end":{"line":34,"column":null}}},"fnMap":{"0":{"name":"(anonymous_2)","decl":{"start":{"line":28,"column":2},"end":{"line":28,"column":14}},"loc":{"start":{"line":28,"column":91},"end":{"line":33,"column":3}}},"1":{"name":"(anonymous_3)","decl":{"start":{"line":18,"column":55},"end":{"line":18,"column":58}},"loc":{"start":{"line":18,"column":61},"end":{"line":18,"column":80}}},"2":{"name":"(anonymous_4)","decl":{"start":{"line":24,"column":13},"end":{"line":24,"column":16}},"loc":{"start":{"line":24,"column":19},"end":{"line":24,"column":27}}}},"branchMap":{"0":{"loc":{"start":{"line":32,"column":21},"end":{"line":32,"column":44}},"type":"binary-expr","locations":[{"start":{"line":32,"column":21},"end":{"line":32,"column":30}},{"start":{"line":32,"column":34},"end":{"line":32,"column":44}}]}},"s":{"0":1,"1":1,"2":1,"3":2,"4":2,"5":2,"6":2,"7":1,"8":1,"9":1,"10":1,"11":1,"12":1,"13":0,"14":1,"15":1,"16":0,"17":1},"f":{"0":2,"1":0,"2":0},"b":{"0":[2,0]}}
,"/Users/lucas/Documents/Proyectos/marTech-backend/src/middleware/authMiddleware.ts": {"path":"/Users/lucas/Documents/Proyectos/marTech-backend/src/middleware/authMiddleware.ts","statementMap":{"0":{"start":{"line":2,"column":0},"end":{"line":2,"column":31}},"1":{"start":{"line":3,"column":0},"end":{"line":3,"column":33}},"2":{"start":{"line":5,"column":0},"end":{"line":5,"column":16}},"3":{"start":{"line":7,"column":19},"end":{"line":7,"column":66}},"4":{"start":{"line":9,"column":30},"end":{"line":18,"column":1}},"5":{"start":{"line":10,"column":21},"end":{"line":10,"column":49}},"6":{"start":{"line":11,"column":16},"end":{"line":11,"column":54}},"7":{"start":{"line":13,"column":2},"end":{"line":13,"column":41}},"8":{"start":{"line":13,"column":14},"end":{"line":13,"column":41}},"9":{"start":{"line":14,"column":2},"end":{"line":17,"column":5}},"10":{"start":{"line":15,"column":4},"end":{"line":15,"column":40}},"11":{"start":{"line":15,"column":13},"end":{"line":15,"column":40}},"12":{"start":{"line":16,"column":4},"end":{"line":16,"column":11}},"13":{"start":{"line":9,"column":13},"end":{"line":9,"column":30}}},"fnMap":{"0":{"name":"(anonymous_7)","decl":{"start":{"line":9,"column":30},"end":{"line":9,"column":31}},"loc":{"start":{"line":9,"column":82},"end":{"line":18,"column":1}}},"1":{"name":"(anonymous_8)","decl":{"start":{"line":14,"column":32},"end":{"line":14,"column":33}},"loc":{"start":{"line":14,"column":59},"end":{"line":17,"column":3}}}},"branchMap":{"0":{"loc":{"start":{"line":7,"column":19},"end":{"line":7,"column":66}},"type":"binary-expr","locations":[{"start":{"line":7,"column":19},"end":{"line":7,"column":41}},{"start":{"line":7,"column":45},"end":{"line":7,"column":66}}]},"1":{"loc":{"start":{"line":11,"column":16},"end":{"line":11,"column":54}},"type":"binary-expr","locations":[{"start":{"line":11,"column":16},"end":{"line":11,"column":26}},{"start":{"line":11,"column":30},"end":{"line":11,"column":54}}]},"2":{"loc":{"start":{"line":13,"column":2},"end":{"line":13,"column":41}},"type":"if","locations":[{"start":{"line":13,"column":2},"end":{"line":13,"column":41}}]},"3":{"loc":{"start":{"line":15,"column":4},"end":{"line":15,"column":40}},"type":"if","locations":[{"start":{"line":15,"column":4},"end":{"line":15,"column":40}}]}},"s":{"0":1,"1":1,"2":1,"3":1,"4":1,"5":3,"6":3,"7":3,"8":1,"9":2,"10":2,"11":1,"12":1,"13":1},"f":{"0":3,"1":2},"b":{"0":[1,0],"1":[3,2],"2":[1],"3":[1]}}
,"/Users/lucas/Documents/Proyectos/marTech-backend/src/middleware/generateToken.ts": {"path":"/Users/lucas/Documents/Proyectos/marTech-backend/src/middleware/generateToken.ts","statementMap":{"0":{"start":{"line":1,"column":0},"end":{"line":1,"column":31}},"1":{"start":{"line":2,"column":0},"end":{"line":2,"column":33}},"2":{"start":{"line":4,"column":0},"end":{"line":4,"column":16}},"3":{"start":{"line":6,"column":19},"end":{"line":6,"column":66}},"4":{"start":{"line":8,"column":29},"end":{"line":10,"column":1}},"5":{"start":{"line":9,"column":2},"end":{"line":9,"column":57}},"6":{"start":{"line":8,"column":13},"end":{"line":8,"column":29}}},"fnMap":{"0":{"name":"(anonymous_7)","decl":{"start":{"line":8,"column":29},"end":{"line":8,"column":30}},"loc":{"start":{"line":8,"column":72},"end":{"line":10,"column":1}}}},"branchMap":{"0":{"loc":{"start":{"line":6,"column":19},"end":{"line":6,"column":66}},"type":"binary-expr","locations":[{"start":{"line":6,"column":19},"end":{"line":6,"column":41}},{"start":{"line":6,"column":45},"end":{"line":6,"column":66}}]}},"s":{"0":2,"1":2,"2":2,"3":2,"4":2,"5":1,"6":2},"f":{"0":1},"b":{"0":[2,0]}}
,"/Users/lucas/Documents/Proyectos/marTech-backend/src/sqs/producer.ts": {"path":"/Users/lucas/Documents/Proyectos/marTech-backend/src/sqs/producer.ts","statementMap":{"0":{"start":{"line":1,"column":0},"end":{"line":1,"column":68}},"1":{"start":{"line":3,"column":18},"end":{"line":9,"column":2}},"2":{"start":{"line":11,"column":34},"end":{"line":23,"column":1}},"3":{"start":{"line":12,"column":18},"end":{"line":15,"column":4}},"4":{"start":{"line":17,"column":2},"end":{"line":22,"column":3}},"5":{"start":{"line":18,"column":21},"end":{"line":18,"column":50}},"6":{"start":{"line":19,"column":4},"end":{"line":19,"column":65}},"7":{"start":{"line":21,"column":4},"end":{"line":21,"column":50}},"8":{"start":{"line":11,"column":13},"end":{"line":11,"column":34}}},"fnMap":{"0":{"name":"(anonymous_0)","decl":{"start":{"line":11,"column":34},"end":{"line":11,"column":39}},"loc":{"start":{"line":11,"column":64},"end":{"line":23,"column":1}}}},"branchMap":{},"s":{"0":1,"1":1,"2":1,"3":0,"4":0,"5":0,"6":0,"7":0,"8":1},"f":{"0":0},"b":{}}
}
