TN:
SF:src/controllers/AuthController.ts
FN:5,(anonymous_0)
FNF:1
FNH:1
FNDA:2,(anonymous_0)
DA:2,1
DA:4,1
DA:6,2
DA:8,2
DA:9,1
DA:10,1
DA:12,1
DA:17,1
LF:8
LH:8
BRDA:8,0,0,1
BRDA:8,0,1,1
BRDA:8,1,0,2
BRDA:8,1,1,1
BRF:4
BRH:4
end_of_record
TN:
SF:src/controllers/CampaignController.ts
FN:9,(anonymous_0)
FN:11,(anonymous_1)
FN:29,(anonymous_2)
FN:38,(anonymous_3)
FN:53,(anonymous_4)
FN:76,(anonymous_5)
FNF:6
FNH:6
FNDA:9,(anonymous_0)
FNDA:2,(anonymous_1)
FNDA:1,(anonymous_2)
FNDA:2,(anonymous_3)
FNDA:2,(anonymous_4)
FNDA:2,(anonymous_5)
DA:3,1
DA:4,1
DA:5,1
DA:6,1
DA:8,1
DA:9,9
DA:12,2
DA:13,2
DA:15,2
DA:16,1
DA:19,1
DA:20,1
DA:21,1
DA:23,1
DA:25,0
DA:30,1
DA:31,1
DA:32,1
DA:34,0
DA:39,2
DA:41,2
DA:42,2
DA:43,2
DA:44,1
DA:46,1
DA:49,0
DA:54,2
DA:55,2
DA:56,2
DA:58,2
DA:59,0
DA:62,2
DA:64,2
DA:65,2
DA:66,2
DA:67,1
DA:69,1
DA:72,0
DA:77,2
DA:79,2
DA:80,2
DA:82,2
DA:83,1
DA:85,1
DA:88,0
LF:45
LH:39
BRDA:15,0,0,1
BRDA:43,1,0,1
BRDA:43,1,1,1
BRDA:58,2,0,0
BRDA:66,3,0,1
BRDA:66,3,1,1
BRDA:82,4,0,1
BRDA:82,4,1,1
BRF:8
BRH:7
end_of_record
TN:
SF:src/controllers/InteractionController.ts
FN:10,(anonymous_0)
FN:12,(anonymous_1)
FN:40,(anonymous_2)
FN:45,(anonymous_3)
FN:56,(anonymous_4)
FN:84,(anonymous_5)
FNF:6
FNH:6
FNDA:9,(anonymous_0)
FNDA:2,(anonymous_1)
FNDA:1,(anonymous_2)
FNDA:2,(anonymous_3)
FNDA:2,(anonymous_4)
FNDA:2,(anonymous_5)
DA:2,1
DA:3,1
DA:4,1
DA:5,1
DA:6,1
DA:9,1
DA:10,9
DA:13,2
DA:14,2
DA:16,2
DA:17,1
DA:20,1
DA:21,1
DA:22,1
DA:24,1
DA:31,1
DA:33,1
DA:35,0
DA:36,0
DA:41,1
DA:42,1
DA:46,2
DA:47,2
DA:49,2
DA:50,1
DA:52,1
DA:57,2
DA:58,2
DA:59,2
DA:61,2
DA:62,0
DA:65,2
DA:69,2
DA:70,2
DA:72,2
DA:73,1
DA:77,2
DA:79,0
DA:80,0
DA:85,2
DA:86,2
DA:88,2
DA:89,1
DA:91,1
LF:44
LH:39
BRDA:16,0,0,1
BRDA:49,1,0,1
BRDA:49,1,1,1
BRDA:61,2,0,0
BRDA:72,3,0,1
BRDA:88,4,0,1
BRDA:88,4,1,1
BRF:7
BRH:6
end_of_record
TN:
SF:src/dto/CampaignDTO.ts
FNF:0
FNH:0
DA:1,1
DA:3,1
DA:6,1
DA:10,1
DA:14,1
DA:18,1
LF:6
LH:6
BRF:0
BRH:0
end_of_record
TN:
SF:src/dto/InteractionDTO.ts
FNF:0
FNH:0
DA:1,1
DA:3,1
DA:6,1
DA:10,1
DA:14,1
DA:18,1
LF:6
LH:6
BRF:0
BRH:0
end_of_record
TN:
SF:src/entity/Campaign.ts
FN:23,(anonymous_2)
FNF:1
FNH:1
FNDA:2,(anonymous_2)
DA:1,2
DA:4,2
DA:6,2
DA:9,2
DA:12,2
DA:15,2
DA:18,2
DA:21,2
DA:24,2
DA:25,2
DA:26,2
DA:27,2
LF:12
LH:12
BRF:0
BRH:0
end_of_record
TN:
SF:src/entity/Interaction.ts
FN:28,(anonymous_2)
FN:18,(anonymous_3)
FN:24,(anonymous_4)
FNF:3
FNH:1
FNDA:2,(anonymous_2)
FNDA:0,(anonymous_3)
FNDA:0,(anonymous_4)
DA:1,1
DA:2,1
DA:5,1
DA:7,1
DA:10,1
DA:13,1
DA:16,1
DA:18,0
DA:19,1
DA:22,1
DA:24,0
DA:26,1
DA:29,2
DA:30,2
DA:31,2
DA:32,2
LF:16
LH:14
BRDA:32,0,0,2
BRDA:32,0,1,0
BRF:2
BRH:1
end_of_record
TN:
SF:src/middleware/authMiddleware.ts
FN:9,(anonymous_7)
FN:14,(anonymous_8)
FNF:2
FNH:2
FNDA:3,(anonymous_7)
FNDA:2,(anonymous_8)
DA:2,1
DA:3,1
DA:5,1
DA:7,1
DA:9,1
DA:10,3
DA:11,3
DA:13,3
DA:14,2
DA:15,2
DA:16,1
LF:11
LH:11
BRDA:7,0,0,1
BRDA:7,0,1,0
BRDA:11,1,0,3
BRDA:11,1,1,2
BRDA:13,2,0,1
BRDA:15,3,0,1
BRF:6
BRH:5
end_of_record
TN:
SF:src/middleware/generateToken.ts
FN:8,(anonymous_7)
FNF:1
FNH:1
FNDA:1,(anonymous_7)
DA:1,2
DA:2,2
DA:4,2
DA:6,2
DA:8,2
DA:9,1
LF:6
LH:6
BRDA:6,0,0,2
BRDA:6,0,1,0
BRF:2
BRH:1
end_of_record
TN:
SF:src/sqs/producer.ts
FN:11,(anonymous_0)
FNF:1
FNH:0
FNDA:0,(anonymous_0)
DA:1,1
DA:3,1
DA:11,1
DA:12,0
DA:17,0
DA:18,0
DA:19,0
DA:21,0
LF:8
LH:3
BRF:0
BRH:0
end_of_record
